<?xml version="1.0" encoding="UTF-8"?>
<testng-results skipped="0" failed="0" total="2" passed="2">
  <reporter-output>
  </reporter-output>
  <suite name="Suite" duration-ms="28804" started-at="2016-11-18T02:00:01Z" finished-at="2016-11-18T02:00:29Z">
    <groups>
    </groups>
    <test name="FirefoxTest" duration-ms="17567" started-at="2016-11-18T02:00:01Z" finished-at="2016-11-18T02:00:18Z">
      <class name="demo.CBT">
        <test-method status="PASS" signature="openBrowser(java.lang.String)[pri:0, instance:demo.CBT@61a52fbd]" name="openBrowser" is-config="true" duration-ms="14890" started-at="2016-11-17T21:00:01Z" finished-at="2016-11-17T21:00:15Z">
          <params>
            <param index="0">
              <value>
                <![CDATA[Firefox]]>
              </value>
            </param>
          </params>
          <reporter-output>
          </reporter-output>
        </test-method> <!-- openBrowser -->
        <test-method status="PASS" signature="titleVerification()[pri:0, instance:demo.CBT@61a52fbd]" name="titleVerification" duration-ms="1841" started-at="2016-11-17T21:00:15Z" finished-at="2016-11-17T21:00:17Z">
          <reporter-output>
          </reporter-output>
        </test-method> <!-- titleVerification -->
        <test-method status="PASS" signature="closeBrowser()[pri:0, instance:demo.CBT@61a52fbd]" name="closeBrowser" is-config="true" duration-ms="816" started-at="2016-11-17T21:00:17Z" finished-at="2016-11-17T21:00:18Z">
          <reporter-output>
          </reporter-output>
        </test-method> <!-- closeBrowser -->
      </class> <!-- demo.CBT -->
    </test> <!-- FirefoxTest -->
    <test name="InternetExploreTest" duration-ms="11182" started-at="2016-11-18T02:00:18Z" finished-at="2016-11-18T02:00:29Z">
      <class name="demo.CBT">
        <test-method status="PASS" signature="openBrowser(java.lang.String)[pri:0, instance:demo.CBT@6ad5c04e]" name="openBrowser" is-config="true" duration-ms="10110" started-at="2016-11-17T21:00:18Z" finished-at="2016-11-17T21:00:28Z">
          <params>
            <param index="0">
              <value>
                <![CDATA[IE]]>
              </value>
            </param>
          </params>
          <reporter-output>
          </reporter-output>
        </test-method> <!-- openBrowser -->
        <test-method status="PASS" signature="titleVerification()[pri:0, instance:demo.CBT@6ad5c04e]" name="titleVerification" duration-ms="30" started-at="2016-11-17T21:00:28Z" finished-at="2016-11-17T21:00:28Z">
          <reporter-output>
          </reporter-output>
        </test-method> <!-- titleVerification -->
        <test-method status="PASS" signature="closeBrowser()[pri:0, instance:demo.CBT@6ad5c04e]" name="closeBrowser" is-config="true" duration-ms="1041" started-at="2016-11-17T21:00:28Z" finished-at="2016-11-17T21:00:29Z">
          <reporter-output>
          </reporter-output>
        </test-method> <!-- closeBrowser -->
      </class> <!-- demo.CBT -->
    </test> <!-- InternetExploreTest -->
  </suite> <!-- Suite -->
</testng-results>
