<?xml version="1.0" encoding="UTF-8"?>
<!-- Generated by org.testng.reporters.JUnitXMLReporter -->
<testsuite hostname="DESKTOP-UKO3FCK" name="InternetExplore" tests="1" failures="0" timestamp="17 Nov 2016 22:33:27 GMT" time="0.005" errors="0">
  <testcase name="@BeforeTest openBrowser" time="0.0" classname="demo.CBT">
    <failure type="java.lang.NullPointerException">
      <![CDATA[java.lang.NullPointerException
	at demo.CBT.openBrowser(CBT.java:49)
... Removed 22 stack frames]]>
    </failure>
  </testcase> <!-- @BeforeTest openBrowser -->
  <testcase name="@AfterTest closeBrowser" time="0.0" classname="demo.CBT">
    <skipped/>
  </testcase> <!-- @AfterTest closeBrowser -->
  <testcase name="titleVerification" time="0.0" classname="demo.CBT">
    <skipped/>
  </testcase> <!-- titleVerification -->
</testsuite> <!-- InternetExplore -->
